1734672383
1493106687
1493236991
1791098879
1765867639
1493172223
1491271679
1768029695
2015559679
2028011519
1759641599
1763967184
1774387199
1778384895
1774321663
1778319359
1770125567
1776418815
2044919807
2029846527
2019753983
2027978869
1761735935
1778384895
1767964790
1499463836
1509949439
1503854591
1509818367
1763834111
2046754815
2032271493
956235775
1485176831
1509752831
1229189375
1509752831
-1989935873
2013331455
1224736767
1520631807
-1671365377
-1409351681
1761607679
1203896319
1224737923
1522663423
1241513983
1493172223
1491271679
1493106687
1491140607
1497430271
1768095743
2053118005
2063532031
1746996322
1770258431
1765906524
1788936191
1778319359
1768030207
1747062853
1746961531
1746992383
1759641599
1761607679
1493172223
1491140607
1231028332
1224838277
1224736885
1237450751
1239613439
1493238910
1509949439
1495303270
1493236991
1493302527
1491140607
1224736767
1239547903
1509949439
1241513983
1239547903
1239613439
1499501727
1772421119
2040791039
2046820351
2046689279
2040659967
2053343336
2063466495
2042689791
1772224511
1769996401
2063466495
2028011263
2017590527
1761542143
1761476607
1761674390
1778319359
1774321663
1761671423
1778384895
1761611909
2046820351
2015428607
2030043135
1761542143
1772224511
1493176440
1778384895
1767904412
1507983359
1476399225
1497431295
1763769599
2042691583
-1977447274
1778253823
1778253823
1774583807
1778319359
1761868031
2046689279
2044919807
1493175460
1795096575
-1667173121
-1667104769
1497433227
939527332
1239482367
1514207487
1476524287
1491140607
1491140607
1480719615
1489043455
1509949439
1761611903
2063532031
2055340031
1753251960
1493106687
1509949439
1503723519
1507983359
1495369817
1761607679
1761607679
1761607679
1744863368
1746927734
1489043455
1499464818
1224770689
1241513983
1229029485
1239547903
1497402460
1509883903
1505886207
1501691903
1509949439
1495334143
1505820671
1226894591
1497428223
1507983359
1493238911
1224803465
1241448447
1509949439
1770061823
1778384895
1763738756
-2010967925
-1979711489
2046689279
1759772671
1761542143
2013365341
2030043135
2046754815
2013301941
2030043135
1759838207
1749089535
1778253823
1761737983
1774256127
1765934190
1772222719
2044788735
2046820351
2026051739
2015556863
1759576063
1509949439
1508048895
1778384895
1778384895
1746998428
1746929825
1761542143
2038497279
-1979517697
-1946157057
-1702756353
2046820351
1778253823
2042757119
2046820351
1770127359
1786839039
1795162111
2059665407
-1677721601
-1669203713
1526726655
968949759
958528767
1224741010
1482723469
1489108991
1493172223
1222705151
1207992441
1505820671
1499590911
1791033343
1791033343
1778384895
1480654847
1497530487
1503789055
1503721727
1505886207
1493106687
1759772671
1772158975
1765864703
1765865727
1776353279
1509949439
1497431295
1501626367
1497400450
1509883903
1493235967
1507983359
1778384895
1778384895
1508114431
1509949439
1507917823
1493174382
1495306345
1761607799
1507917823
1509883903
1495402619
1509883903
1763806520
1778384895
1774319871
2013265919
2030167295
2017649919
1461747841
1451294719
1744830463
2019687679
1759707135
2025979903
2029977599
2030043135
1757478911
1759641599
1757609983
2029977599
2013298834
2046689279
2046820351
2036634725
2046689279
2044786943
1776418815
1505820671
1509949439
1520500735
1774256127
1761542143
1761607679
2017759280
2046754815
-1956577281
-1677721601
-1149043457
-1964965889
1772224511
2013299865
2017462458
1486946303
1493231871
2046984379
2046689279
-1946157057
-1937766270
1799550207
1520500735
1247808631
973078527
1224671231
1509883903
1507917823
1224736767
1212318834
1239547903
1509949439
1778515199
1786839039
2048981247
1767964671
1509883903
1210185983
1224736767
1495332095
1501888511
1778319359
1778384895
1778319359
1765865727
1765867650
1778384895
1509949439
1505886207
1493172223
1478753535
1751122024
1749155071
1774321663
1763938406
1509752831
1507983359
1493238903
1241448447
1499593983
1505820671
1493234943
1239678975
1241382911
1776746495
1495303304
1510206719
1518339172
2015497256
-1694498817
-1677721601
2026013816
2030043135
-1721566977
-1696530433
2046820351
2017589503
2015557887
2013330687
1761476607
1751381247
2030043135
2028077055
2029912063
2042691583
2036465722
2046689279
2040659967
1768028415
1778384895
1493367039
1509818367
1526661119
1774256127
1757806591
2029846527
2029912063
2042757119
-1973255010
-1946288129
-1669204737
2080309247
1495437450
2013265919
2013200383
1474559999
1493172223
1774321663
1503854591
1780515981
-1946222593
-1669138177
-1954349057
1526726655
971046911
973078527
1506082815
1495274648
1239482367
1212253295
1224671231
1235419135
1526661119
1799652436
-1660944385
-1954414593
1795162111
1507917823
1210187853
1241513983
1509949439
1765865727
1776484351
1778319359
1770061823
1763765503
1761737983
1778319359
1759903743
1757544447
1761607679
1747120383
1761542143
1778384895
1765861631
1761801471
1509883903
1505886207
1229126911
1241448447
1509949439
1495269508
1241382911
1247933695
1247870975
1512110335
1526726655
1526726655
-1962934273
-838860801
-840892417
-1124204545
-1128005633
-570425345
-855605106
-1677721601
2030104831
2013396223
2030043135
2015528070
2029780991
2021785599
2019687679
-1996488705
2028208127
2029715455
2045050879
1778253823
1778319359
1778253823
1776353279
1493300479
1495303281
1501691903
1778319359
2030043135
2013393151
2046820351
2030238975
1791033343
2080374783
1510145279
1509752831
1761476607
2009399295
2017461404
1761641630
1778384895
1509883903
1503723519
2067855615
-1661009921
-1673396993
1795162111
1243675903
1270939647
1526595583
1503784191
1237385215
1224736767
1218510847
1226866780
1243709547
1811873791
-1123943169
-1123974020
-1929379841
1526726655
1241448447
1237450751
1495271545
1522597887
1765866751
1772224511
1778384895
1778384895
1774256245
1770127359
1761345535
1753252997
1751252991
1761542143
1761607679
1768064189
1778253823
1765965933
1778319359
1493368063
1241513983
1499529215
1495302238
1524695039
1243740415
1241613377
1258225663
1256259583
1497494783
1507917823
1778319359
-840826881
-553648129
-842924033
-840954800
-553648129
-570425179
-1692270593
2034308253
2029912063
2025979903
2028011519
2029977599
2021916671
-2011107073
-1996619777
2029977599
2015754495
1778188287
1774452735
1761671423
1772290047
1778319359
1765933055
1493172223
1509949439
1761735935
1774321663
1778188287
1765931263
1493172223
1482813695
1228995839
1509883903
1763835903
2032336127
-1979711489
-1438613359
-1690239745
2095251455
1789132799
1241448447
1514210433
2097151999
-1943995137
1788936191
1782581384
2084670622
1535180799
1514176631
1224770677
956301311
952172543
964793452
1258291199
1824557150
-570391406
-570391406
-1392508792
1803616255
1226899561
1241513983
1237450751
1526726655
1526726655
1501692030
1499529215
1778384895
1778384895
1767963903
1751384063
1761607679
1768029439
1767964671
1763807325
1778384895
1759772671
1761411071
1747184895
1744830561
1509883903
1503723519
1778446591
1782711335
1526661119
1247869183
1252130815
1526726655
1509949439
1493236991
1491402751
-1375797249
-838728565
-1390175068
-1392574465
-553648129
-838860801
2061697023
2038496511
2021851135
2029977599
2029977599
2024013823
2019701834
-1996619777
-2013100879
2030043135
1761607679
1763833087
1778319359
1778384895
1763764479
1761801471
1778384895
1482751999
1478557858
1778319359
1761736959
1765996799
1509883903
1489040639
1193343231
939690107
1212284159
1770061823
2036541498
-1677721601
-868185964
-1124071280
-1644167169
2063532031
1487142911
1241448447
1535180799
1799422077
1793130495
2067855615
-1660944385
1795362994
1526661119
1224802438
1224835179
956366959
1241448447
1275068415
1824718967
-570391388
-553648129
-1109327873
-1943927712
1795162111
1510019197
1526661119
1510082643
1514403071
1509883903
1507983359
1495530751
1767934099
1778384895
1761607679
1761607679
1767933027
1765931263
1763768575
1778384895
1749025914
1755381759
1744935033
1759512709
1795096575
1791098879
2046855215
2063466495
1784870143
1526595583
1512372479
1526661119
1495398655
1499531396
-1375731713
-822083585
-845151071
1524695039
1250096383
-1405026305
-1396572161
-1946222593
-1964900353
-1981612033
2046623743
2019819519
2028051594
2029715455
-2013136641
-2008875777
2044788735
1776484351
1761672447
1774387199
1794899967
1785069567
1795031039
1778448639
1495531519
1509883903
1503723519
1774256127
1778384895
1508048895
1497531513
1241513983
973078527
1503853823
1478528156
1795031039
-1665073153
-585071449
-570425345
-851345250
1778384895
2046820351
1778550941
1526595583
964789389
1493172223
1761737983
2072049919
1275068415
1526661119
-1933443073
2080604309
1526726655
2076377087
-1660940162
2113929215
-838796033
-553648129
-559742977
-838926337
-574423041
-826212353
-1920663553
2063532031
1509949439
1507983359
1509949439
1763771480
1778253823
1774387199
1776418815
1778384895
1751185663
1753255057
1761542143
1767998576
1778253823
1761771665
1772158975
2046754815
2057830399
2063532031
2040594431
2040664153
1778319359
1776418815
1526726655
1520697343
1778253823
1774256127
-568328029
-318699360
-587268097
-1692276481
-1962999809
-863895553
-585040641
-572391425
-1677787137
2051016785
2032336127
2030043135
2029912063
2017584383
2025979903
-2002649089
2046558207
2032332031
1778384895
1778384895
1774256127
1768027391
1778449663
1768030207
1495399679
1509883903
1495367861
1776418815
1776353279
1774256127
1512051808
1526726655
987824127
1241448447
1222705151
1510015085
-1656619777
-553648129
-287178753
-553648129
-1941961524
-1400832001
-1644167169
-1933377537
1258160127
1776549887
1507983359
1526595583
1512210582
1503723519
-1946157057
2097151999
1780645994
-1407185772
-568263425
-557776897
-570391417
-824049665
-1359020033
-838665985
-553648129
-826146817
1845428223
977437817
1239482367
1509949439
1505886207
1763738710
1772224511
1770031215
1761737983
1776353279
1755320494
1761607679
1755643903
1770162303
1778319359
1763769599
1778319359
2030403627
2046689279
1776418815
1774321663
1761411071
1487203583
1509883903
1224935547
1239547903
1509949439
1505920127
-1138689793
-855638017
-870123265
-855638017
-855574273
-838860801
-584977153
-587137793
-1956511745
2048985160
2046820351
2038531239
2029912063
2026307583
2029649919
2021910783
2023948287
2025979903
2029912063
2045116415
1767965867
1778319359
1761671423
1499594751
1509949439
1520566271
1526726655
1786837247
1786839039
1786774703
1795096575
1784803583
1812069631
2080374783
-1973354372
-1929379841
-1107361793
-570392401
-555679745
-834633569
-1111359489
-568263425
-836698881
-1386020865
1531085944
1778384895
1241382911
1241775359
1224799487
1478492282
1772224511
1526790399
1526661119
-1130172161
-285212673
-287244289
-842955604
2078343167
2086731775
-822083585
-568262520
-1119813492
2074279935
1241448447
1241513983
1224867071
1509949439
1761607778
1765934169
1778319359
1778384895
1761732863
1747184895
1778384895
1778319359
1778384895
1766063359
1778319359
2036632629
2046623743
1478593690
1493172223
1476429975
1478623231
1224671231
1222901759
1224605695
1222705151
1499594751
1509949439
1507917823
2032275590
-1677787137
-557711361
-555679745
-1652490241
-1661009921
-1943998209
2076246015
2063532031
2049046783
2034305165
2046820351
2015555839
2028208127
2029912063
2030043135
2015490303
2030043135
2015401125
1761542143
1761542143
1487077375
1509949439
1514242194
1512115385
1509951641
1780487338
1795096575
1793196031
2046820535
2072182783
-1119845211
-570425345
-578746248
-572456961
-555614209
-553648129
-1115518784
2097151999
-838991873
-570292068
-822083585
-1648327555
1275002879
1509883903
1237516287
1258225663
973078527
1224865023
1241513983
985792511
1273167871
-1661009921
-851313409
-824115201
2111832231
992052449
1807810559
-1119807325
-1375928321
1828716543
1493041151
946011391
1239547903
1241513983
1493300479
1509883903
1778319359
1770127359
1761671423
1778319359
1778384895
1772224511
1761672447
1763869813
1778319359
1770261545
1778253823
1770062939
1493106687
1476524287
1493172223
1478686975
1493172223
1493041151
1489174527
1489037567
1503789055
1509949439
1761476607
2025914367
-1971198721
-585072467
-847183873
2076246015
1776353279
1776353279
2046949631
2051014741
2053176575
1782612104
1774321663
2046754815
2028011519
2017522943
2015431819
2026176511
2029912063
2030043135
2028077055
1746993358
1493172223
1493172223
1497494783
1514211512
1526661119
1791098879
1789194495
2063466495
2049111295
-1960801105
-1124073473
-847052801
-570490881
-568198913
-285212673
-566132587
-1946157057
964754687
-1124073473
-574488577
-1377763329
2086699123
704772351
1224769642
1241513983
1524826111
1554251007
2095382527
2080112639
1803649116
2090926079
-1931345921
-1929445377
2113929215
-570425345
-1124139009
-857604097
-566132575
-838730497
-1667104769
2063532031
956433553
1237385215
1239547903
1509949439
1499498585
1774387199
1778319359
1778384895
1761736959
1507917823
1509949439
1766062335
1778253823
1761876022
1778188287
1776418815
1778384895
1493233919
1495337095
1503920127
1509883903
1509949439
1763804300
1776353279
1772224511
1763834111
1765866751
-1727823786
-1979777025
2046754815
-1426063361
-1964769281
1509949439
1487011839
2034240582
2063597567
2046820457
1795162111
1782642943
1764130947
1778384895
2015463563
2029912063
2046820351
2034339969
2028208127
2029518847
2019684607
1749091529
1493172223
1478622463
1769999514
1778319359
1776418815
1778384895
1778253823
2049114111
2061630719
2063597567
1780612351
2057371647
-1941899009
-1644232705
-838826869
-553648129
-1669269249
1243611371
-1419706369
-842924033
-1388212111
1828716543
711000185
1222705151
1495441537
1795031039
-1644232705
-838860801
-846921729
-1392574465
-1109262337
-1405090696
1799425129
1554120703
-570425177
-553648129
-838860801
-836697966
-553648129
-584975105
-1400832001
1275002879
1226836068
1224801535
1503723519
1503721727
1778319359
1763805300
1761672447
1778319359
1778384895
1763836019
1778188287
1770258431
1772094598
1774256127
1763874953
1509687295
1497532561
1509949439
1778384895
1770127359
1778384895
1778253823
1762065663
1777991679
1778384895
1778384895
-1979777025
2038562815
1772158207
1468137471
1212153955
1241513983
1503789055
-1990197163
2040594431
2032206951
1763709066
1765808289
1778122751
1778384895
2038693119
2013395199
1778384895
1778122751
1774452735
2044788735
1778319359
1778384895
1485045759
1486950527
1778384895
1774321663
1761612997
1761681562
1778384895
2040659967
2046689279
2042757119
1508113663
1224736767
956303488
1273102335
-1658781553
-566197080
-822083585
-1644167169
-1115553793
-553648129
-838859629
-1392507733
1543438335
1776418815
1509949439
1793261567
-1124008705
-570325943
-849311626
-1113522177
-824115201
-847119105
2063532031
1810038015
-838859603
-557711361
-1107296257
-1644167169
-855508737
-570425345
-840892417
2074214399
1239547903
1239482367
1497496831
1509949439
1776484351
1778384895
1778384895
1493368928
1774256127
1778253823
1770258431
1774195790
1778319359
1765931263
1509949439
1499791359
1509949439
1493336201
1497369744
1778319359
1778188287
1776680959
1778188287
1759772671
1761607679
1761607679
2002986034
1778384895
2046689279
1493172223
1491137791
1778581503
1795031039
-2011041537
2028077055
2030043135
1765865727
1778384895
1763705030
1770258431
1778122751
1776484351
1508245503
1761612956
1776353279
1776353279
1774256127
1765864703
1497432218
1241448447
2030105855
2030043135
1746989311
1761542143
1766127871
2046754815
2032239693
2038434921
2063269887
1506017279
945944831
704577535
-1929379841
-572456961
-285212673
-557776897
-1100875521
-555679745
-553648129
-587104065
-1669267457
-1694564353
1793130495
1531050239
-1123838857
-561935260
-1107296257
-1635647489
-836633345
-822083585
-1956577281
2063532031
-1927154433
-853476097
-1675493377
1243710546
1795096575
-1677659905
2065823999
1226900629
1241513983
1493234943
1495302249
1493174400
1778384895
1763803301
1501691903
1509818367
1778384895
1770192895
1778384895
1778384895
1778384895
1507983359
1509883903
1501753599
1491206143
1493172223
1493207212
1501691903
1508048895
1509949439
1476495497
1491140607
1478591597
1476429942
2029912063
2023851150
1761673215
1767961855
1778384895
1770126591
2040594431
2030043135
1998684215
2015461457
2017561733
1778319359
1767965871
1774321663
1778384895
1778384895
1526726655
-1979709283
2046754815
1484849151
2023828594
2030180514
1258029055
992083199
-1962803969
1778253823
1746988287
2040725503
2063335423
-1964572929
-1979777025
1761607679
1507983359
2046820351
1241513983
996343807
-1654522625
-555679745
-570425167
-834535425
-1661009921
-845086721
-847120129
-838926337
-1123973985
-1128136705
-1413414913
2068052223
-847119105
-1673492260
1275068415
1283588095
-1386215340
-840826881
-1392574465
1797259355
1795096575
2049112319
2067791979
1522597887
1241513983
1507983359
1509883903
1524695039
1505951743
1776353279
1778384895
1776418815
1776615423
1778319359
1774256127
1776353279
1761970219
1778188287
1493232895
1505886207
1493367039
1493236991
1497371733
1763809371
1755447295
1778253823
1761867007
1778319359
1509949439
1493300479
1507917823
1476461669
1509949439
1505820671
2017726613
2029846527
1772224511
1763835135
1761734911
1778319359
2015624447
2030043135
2013200383
2013395455
2029977599
2042691583
1767899322
1778384895
1768094975
1778384895
1778384895
1778253823
1487208447
1751318527
-1711407105
2063597567
1264910335
1550028964
-1946222593
1824718847
-1939800065
-1140916225
-1969092497
2063466495
2046886015
1780544767
1791033343
-1962934273
1795162111
1541537791
-1383990017
-855603007
-1107361793
-1132265473
-851378945
-845021185
-1912602625
-1925055233
-838860801
-572456961
-855638017
1526595583
-1136592641
-1937638145
1541537791
2113863679
-824115201
-299828993
-557776897
-1107296257
1780550780
1526595583
1529087068
1526530047
987824127
958462207
971112447
1239482367
1509949439
1495270507
1507983359
1761674393
1778253823
1774321663
1770127359
1774263361
1778384895
1776353279
1497600094
1509818367
1509818367
1495269488
1776353279
1778384895
1763767551
1772290047
1778253823
1772358790
1778253823
1503854591
1509949439
1507917823
1495273593
1505820671
2029912063
2026176511
1772224511
1778253823
1778384895
1765997823
2029977599
2017591295
2023882751
2030043135
2013332662
2044788735
1778384895
1761674389
1778319359
1770127359
1776418815
1503854591
1241448447
1778319359
-1702494209
-1946288129
2097151999
-1404897025
-1124139009
-1384054785
-853539660
-570425345
-1124204545
-1979479949
-1692393351
-1660944385
1811939327
2072117247
1810038783
1560215551
-1929445377
-1677659905
2076311551
1799357562
-570425345
-580845569
-1925185462
-1388248968
-582877953
-570360577
-1123907442
1235353599
-1124139009
-1394540545
-1929379841
-1383858177
-834566000
-553648129
-557776897
-1109327873
-1946157057
2065825889
-1946353665
1810235391
1526726655
1228933226
1241513983
1224867071
1241513983
1237385215
1499593983
1509949439
1503789055
1505886207
1501668433
1778319359
1778384895
1499562097
1509883903
1505951743
1508114431
1509883903
1499499616
1763705997
1776353279
1778384895
1763966975
1778253823
1768220927
1761644729
1778384895
1765901440
1763769599
1772158975
2028077055
2046820351
1778319359
1772355583
1774256127
1778384895
2030043346
2021914879
2029846527
2030043135
2021721280
2030144714
2032304323
1778319359
1763769599
1778384895
1778319359
2046689279
1512305919
1241579519
-1929379841
-1394540545
-853540679
-585036635
-555679745
-557776897
-563873537
-553648129
-1379729409
-1388313416
-840892417
-1650393089
2063793407
2057371647
2069891175
-1935540225
-1402929921
-1667170305
2061565951
1795162111
-1392443257
-1390375833
-1916731393
-855638017
-553648129
-555679745
-1090650113
1526726655
-1962801053
-1677787137
-1677623186
-1644167169
-1375797249
-1375667969
-1377763329
-1394540545
-1962934164
-1948188673
-1929379841
2069923955
1793196031
1226834044
952238079
956301311
1237450751
1239482367
1241513983
1224803445
1235288063
1497401408
1495332095
1493302527
1509949439
1497467999
1509883903
1493270651
1509818367
1503854591
1497431295
1776353279
1765835887
1776418815
1778384895
1776353279
1778319359
1778384895
1774518271
1778253823
1761671423
1761673362
1761542143
1774321663
2046820351
2046820351
2042691583
2032141439
1761673427
1761476607
1744961535
1757544447
2015426047
2028077055
2028011519
2030077127
1778384895
1761707166
1505820671
2063597567
2065825023
-1929379841
-838860801
-853347073
-855539523
-553648129
-287113217
-553648129
-582940504
-1375797249
-1929346904
-855576321
-603915009
-1933443073
1526726655
1258291199
1533088885
2097151999
-1937702913
2082534655
1799419135
1543506026
1839267839
1831006719
1828716543
-1136394241
-553648129
-570296065
-836633345
-1646198785
-822083585
-828178433
-838860801
-1377763329
2088996985
1274937343
1239547903
1212286079
1516311713
1809907711
1822490623
1533147391
1258225663
956337273
685899775
685834239
954335231
1241448447
1239547903
1241513983
1224802423
1224736767
1495302253
1509949439
1508114431
1509949439
1495271540
1497434251
1493434487
1503789055
1509883903
1508048895
1778319359
1763900671
1778384895
1761737983
1761607798
1770061823
1765930239
1778253823
1761607679
1761542143
1766062335
1778319359
2030043237
2032204031
2042691583
2046820351
1767961855
1778253823
1766124799
1763737749
2029780991
2015461584
2025914367
2015428782
1778384895
1768198324
1258225663
1510075647
2072116479
-589168641
-304021505
-1119813476
-1660906308
-553648129
-553648129
-853411585
-1392508929
1822556159
1562380455
-1379860481
-1138718570
2080374783
2055340031
1533314132
2080309247
-1675555730
-1950220289
-1939832734
-1392508929
-1392445185
-1107296257
-1107296257
-1660944385
-1377632257
-1631387649
2118195343
-1358954497
-1090519041
-555679745
-570360577
-836697970
-1644167169
1828585471
1266876415
1229059327
1226896639
1524695039
1797292149
2097151999
1828716543
1522728959
973012991
956301311
943848703
1224736767
1239547903
1226866780
1226835040
1241513983
1509949439
1497494783
1505886207
1509883903
1495397631
1497428223
1509883903
1495334143
1509949439
1505951743
1495302267
1768030207
1778384895
1763835135
1778319359
1763704943
1766031497
1778188287
1774452735
1480718591
1489108991
1778253823
1770192895
2036464895
2034272419
2040594431
2042757119
1778319359
1765998591
1778253823
1770061823
2017787903
2013395455
2030043135
2028011519
1767999698
1778188287
1509883903
1522794239
2080112639
-867830529
-589234177
-1929379841
1814164735
-838860801
-299892584
-553648129
-557711361
-564133716
-838796033
-824115201
-838860801
-1115553793
-1409118090
1560215551
1828651007
-1945833217
1795263583
2097151999
-1107296257
-838732545
-555614209
-570556417
-855505850
-834666411
2099414427
1006567423
1816263935
-1090519041
-570362625
-838730497
-1375797249
2093088767
1518405733
1235288063
941654106
1241513983
1526661119
2076311551
-1939539713
-1929510913
2069952767
1767964671
1476527216
1224736767
1224802423
1226932325
1241448447
1508048895
1499497581
1509949439
1499628655
1503723519
1478627414
1493106687
1480591462
1489043455
1224736767
1476588799
1493172223
1493172223
1767962879
2030044307
1761607679
1759641599
1751157912
1761542143
1766064127
1778319359
1493106687
1493172223
1776549887
1778384895
2046820351
2030107903
2040594431
2038561023
1778384895
1770187007
1770061823
1768064173
2017523967
2029846527
2019753983
2029977599
1774321663
1778384895
2013399251
2030044346
2063597567
-1946288129
-1398541057
2097151999
2084633855
-863764481
-1124073473
2099314826
-1388250881
-572456961
-1124073473
2063723775
-1935605761
-1386149771
-855637868
-1912602625
-1925054465
-1661140993
2080374783
2065758463
-1111425025
-570425345
-824049665
-840826881
-1392443315
-822214657
-1107427329
2032271591
-1694498817
-1102905345
-1107296257
-1660944385
1807941631
1241513983
1197604095
1193408767
1509949439
1526726655
1256390655
1811873791
2096824319
-1945768705
2080374783
1784937727
1505885439
1241513983
1493302527
1509949439
1499594751
1509949439
1509883903
1493302527
1509949439
1493337221
1493172223
1491271679
1493172223
1478593669
1478557824
1493106687
1495405706
1509949439
2046754815
2034299135
2030043135
1761607679
1761542143
1751312639
1749089535
1507983359
1489108991
1489043455
1778384895
1776418815
2046820351
2029780991
2046754815
2044918015
1770061823
1772132490
1789067263
1778253823
2046820351
2040659967
2021847295
1745092607
1778319359
1778384895
1478686975
1778319359
-1979450113
-1673459600
-1107361793
-836761452
-553648129
-553648129
-1440612353
1249965311
1803677951
-1946157057
1793196031
2063532031
-1962934273
-1685975943
-1107492865
-1096550145
-822083585
-868155393
-1962934273
1258291199
1247869183
1772158975
-1660944385
-1113522177
-845018011
-1090519041
-838860801
-587142913
-586944257
-838860662
-570392443
-1383923713
1811939327
939654399
1210120447
1493172223
1210187007
1224671231
954531839
1509883903
1795162111
-1960705936
-1948057601
2046854245
1795031039
1503985663
1778122751
1776549887
1776353279
1778384895
1778384895
1497561343
1493175434
1509883903
1208158361
1224540159
1489108991
1495461119
1761739881
1778384895
1778384895
1776484351
2044919807
2034402434
2030047391
1761607679
1744893183
1761607679
1761673329
1772158975
1761607679
1501822975
1761672447
1774256127
2036402276
2021851135
2046754815
2036434015
1778319359
1778384895
1789000959
1778319359
1766031521
2042691583
2029977599
1759576063
1763897599
1774256127
1482720458
1761673416
-1964835073
-1661140993
-1126039553
-838926337
-844957441
-855572285
-1409351681
1258160127
1791330409
2046689279
1761476607
-1983381505
-1963196417
-1694243585
-1425861569
-1929641985
2082530559
1516568684
1224671231
948041983
973012991
1254225151
-1946157057
-847083448
-553713665
-555614209
-838827927
-568327064
-561971969
-557711361
-570392428
-838860801
-1396637697
-1673492397
-1946157057
2057371647
1509949439
929206412
956235775
1509883903
1761641545
-1971287942
-1964703745
2063466495
1784741887
1505816831
1770192895
1778319359
1761673311
1776418815
1772224511
1501660254
1241513983
1241513983
1224736767
1214513151
1486920798
1778384895
1778319359
1765929215
1774256127
1761640582
1778384895
1778384895
1778253823
1745219839
1746996354
1757544447
1778188287
1501757439
1212189807
943718516
1778319359
1770029169
2046754815
2040594431
2032338038
2046623743
1761868031
1782650031
1795031039
1770323967
1778384895
2042691583
2025914367
1759641599
1778319359
1774256127
1770323967
1795096575
2063597567
-1967063041
-1696530433
-1702756353
-1440613889
-1426259969
-1683750913
1245937758
1777926143
2030431487
2042757119
-1962934273
-1946222593
-1396701098
-855638017
-1690173441
1262620773
1006436351
975306751
1233160297
1520500735
1826684927
-1394475009
-847247234
-822083585
-824115201
-838796033
-555679745
-570490881
-832440065
-553648129
-570324828
-553648129
-585104281
-842989569
-1667170305
1495370823
939458559
956301311
1214578687
1769998471
2063466495
-1962999809
2053307647
1776484351
1509883903
1782709503
1791033343
1761641573
1778319359
1507983359
1224736767
952238079
1210253311
1224736767
1478620415
1495399679
1509883903
1774256127
1765866751
1774256127
1765864703
1495464191
1509883903
1497596010
1493172223
1478621439
1493172223
1499523327
1503789055
956235775
943751275
1761742939
1774385407
2046820351
2046820351
2046820351
1763833087
1778384895
1791027455
1793261567
1778319359
1778384895
2040659967
2030043135
2026043647
1767964671
1763835135
1795096575
1786775714
2053505023
2046754815
2046689279
2040854783
2046623743
2019885055
2030043135
973078527
1787035732
-1929445377
-1405058929
-1377697793
-1664745473
-855703553
-568263425
-1381826561
1560084479
1556217855
1795227772
1526661119
1522794495
-1661009921
-872414143
-855703553
-1377632257
-1644232705
-1390411686
-585007015
-842989569
-1375731713
-834472705
-568264449
-559742977
-570425345
-855636880
-1665073153
1509949439
925039871
1218576383
1493172223
1765864703
2032271359
2046623743
2030243971
1778319359
1495337061
1795096575
1793196031
1795162111
1493469295
1241513983
1224736767
941720739
941654151
1237450751
1509949439
1509818367
1506017279
1774321663
1778384895
1765900409
1761608822
1495435407
1503723519
1509949439
1493106687
1761542143
1757478911
1776746495
1778057215
1478624386
1493106687
1778384895
1778384895
2046820351
2036400127
2040594431
1767965750
1765932287
1794965503
1778447615
1778384895
1778384895
2034426367
2023817215
2029912063
1770192895
1763741832
1770032271
1778384895
1778319359
1763896575
1778319359
1774319871
1507917823
1509949439
1476460543
939531354
1784745146
-1662910465
-851314433
-838859631
-1107296257
-584975105
-836698881
2093023231
1795356927
-1409249145
-1407118204
1526661119
1801551971
-1124073473
-1107296257
-1128233870
-1677721601
1789135983
1786904575
-1675562753
-1121976253
-1124038601
-1658774438
-1375862785
-838860801
-1121942406
-1664876545
2063532031
1495434309
1493041151
1480850687
1493106687
1778319359
2038502757
2042888191
1778319359
1761737983
1497432063
1778515199
1780484186
1795096575
1509949439
1239547903
1239547903
943783167
952303615
1493238912
1509949439
1508048895
1509818367
1495302275
1761608826
1774256127
1765803140
1509949439
1507917823
1765933055
1746992383
1761607679
1746963626
1774256127
1778319359
1759576063
1747026119
1766325503
1778319359
2046754815
2042888191
1763835903
1778384895
1795162111
1520697343
1526726655
1774452735
1776353279
2046689279
2013526271
2028077055
2036528383
1763771546
1778384895
1761803519
1778384895
1778384895
1774321663
1784680582
1526661119
1524760575
1258225663
973078527
1763803267
-1690236771
-838926337
-836698881
-1375671041
-822083585
-1124073353
2111963135
-1665074945
-587138817
-570425345
-1381826561
-1375797249
-580780033
-853508034
-1138683830
-1962999809
1774256127
2059441225
-1394540545
-1107296257
-1644167169
1832973567
-1658650625
-1119845276
-1392574465
-1946222593
1776484351
1761607679
2023948287
1761345535
1744893183
1762070844
2046164991
2044854271
1776484351
1778253823
1774256127
1782579335
1793130495
1795162111
1778384895
1495334143
1231127706
973078527
973078527
1507983359
1509883903
1493300479
1493174406
1493235967
1493238900
1778384895
1778384895
1776418815
1493174384
1495302270
1753349375
1761607679
1761607679
1763830015
1776418815
1505820671
1495333119
1778122751
1763895551
2030230783
2046820351
1778319359
1776358520
1516306431
1526595583
1510142463
1778319359
1768031392
1772290047
2029846527
2013394175
2046689279
1776353279
1767899306
1767933116
1770127359
1778384895
1761611909
1778319359
1780612351
1526726655
1000472575
981596415
1778384895
-1962934273
-1136328705
-1107296257
1828716543
-1398603777
-824115201
-836727671
-822083585
-555679745
-301926145
-570362625
-824049665
-1113456641
-1107296257
-1124073473
-1664876545
-1392574465
-842989569
-585072497
-847183873
1835138303
1799395526
-1392508929
-553648129
-823984129
-1383989249
2080374783
2034304090
-1996554241
2017785087
1774387199
2029715455
2030497023
2046754815
2046754815
2042888191
1788936191
1795162111
1795162111
1776353279
1761673347
1776353279
1509949439
1239547903
1224805517
1509949439
1495400575
1509883903
1499563155
1509949439
1509949439
1761736959
1776353279
1509949439
1493236991
1495336049
1484818554
1224736767
1210155133
1228933217
1241513983
1237450751
1226898687
1765865727
1778319359
1763773562
1778319359
1770192895
1778319359
1522724095
1520500735
1514176657
1763739849
1763833087
1778319359
2028142591
2029977599
2044985343
1778384895
1778384895
1778319359
1770125567
1770061823
1745028285
1776353279
1761707134
1767932049
985989119
1243714709
1811873791
-1929379841
-1121915649
-1652487008
1258357988
-1979711489
-582878977
-555679745
-838859619
-1107296257
-853477121
-568197889
-1912602625
975241399
-1916731393
-838860801
-572391425
-570392424
-301825893
-301955949
-828243969
2107738212
2097151999
-845021185
-299762433
-285278209
-838859645
-1377697793
-1962999809
-2010937297
2046754815
1769997422
2046754815
2036596735
2046820351
2030501375
2063269887
2059534335
1763769599
1776418815
1774256127
1765834849
1767932011
1507917823
1497496831
1505820671
1763705993
1493270631
1509949439
1493240952
1495368831
1493174399
1763705970
1774256127
1226867830
1241513983
1241513983
1210120447
939720844
956301311
956301311
958496897
1493205102
1497400436
1768000599
1761610870
1778384895
1778384895
1778253823
1778319359
1761733887
1776517295
1768095743
1778319359
1778319359
1763704984
1778253823
1763936418
1778253823
1770161284
2021720063
1759706367
1776353279
1763710168
1509949439
1770061823
1772224511
1495271593
698384531
1543503871
-1109262337
-557776897
-553648129
-830275585
-1107492865
-846921729
-570490881
-853477121
-822149121
-1111228417
-847141786
-553779201
2086732998
1006632959
-1635713025
-836701953
-566167297
-555614209
-553713665
-845021185
-1115619207
-1359020033
-836729693
-1117716481
-849217281
-564065145
-568295259
-568263425
-1136590849
2013298779
1770061823
1778122751
1772224511
1770057983
1763765503
1778188287
1776549887
1761672447
1778319359
1778384895
1778577663
1780685946
1795162111
1524695039
1512107263
1509950600
1778319359
1761737983
1501623551
1509949439
1503723519
1509949439
1493235967
1509949439
1224737907
1224801535
968949759
941654132
956301311
945880319
948109311
1224736767
1493172223
1478556927
1778253823
1761671423
1765869707
1778384895
1768564832
1778057215
1767900276
1778253823
2036525311
2042888191
1776418815
1778384895
1765939390
1778122751
1772355583
1778253823
2029912063
2017591295
1774571775
1778319359
1789194495
1778319359
1776483583
1505820671
1258225663
1797519615
-1396637697
-1109327873
-1109327873
-1115619329
-851278728
-553648129
-851378177
-1946121125
-1119745945
-838926337
-555679745
-564100978
-1375731713
-1381961473
-828243969
-838926337
-840892417
-1377763329
-1658780605
-1665073153
-1107427329
-559878913
-570361601
-847183873
-1667172097
-1392508929
-1124009729
-838860801
-1688010753
2038464590
1776484351
1766137969
1778253823
2044854271
1761736959
1778253823
1765933055
1770125567
1778384895
1770192895
1791033343
1794899967
1786970111
1512111359
1526726655
1524826111
1774321663
1761707116
1509883903
1495399679
1509883903
1508048895
1509883903
1493301503
1503789055
1509949439
1226897663
1218510847
1207995519
1224736767
1226897663
1493206138
1499562127
1505820671
1772224511
1761673367
1778384895
1763834111
2034300159
2040594431
2042822655
2013267140
2029780991
2046820351
2046820351
2044823730
1770056959
1770258431
1778253823
1763936428
2023882751
2022043903
2034368511
1778319359
1778319359
1763966975
1778384895
1778384895
1807876095
2080309247
-1962934273
-1979711489
2040594431
-1692271361
-849281793
-570360577
-1119813633
1761668351
-1677721601
-555614209
-553648129
-838860801
-1138625281
-287178753
-566132568
-872349697
-1956608985
1537214618
1528889343
2063597567
-866025313
-555679745
-570422120
-1124073473
2046820351
1757478911
2063597567
-1948057601
2063597567
1761737983
1778319359
1778253823
2044919807
2046820351
2030046292
2034497791
1778319359
1772158975
1763834111
1761734911
1765903487
1786839039
1795096575
1514208511
1524760575
1526595583
1778384895
1765802103
1505886207
1509949439
1508048895
1509949439
1495304297
1761774717
1778319359
1765933055
1761673312
1778384895
1505820671
1493300479
1763737725
1791033343
1763769599
1770061055
1761739883
1772093516
1776353279
2040594431
2044919807
2030043135
2021726368
2029977599
2024079359
2032205055
2034437255
2046820351
2046754815
1778384895
1776615423
1778122751
2028011519
2019590297
2030043135
2042953727
2046689279
2044788735
2044916991
2046820351
2055272703
2038563004
2023817215
1740767231
1744830463
-1964965889
-838860801
-568262501
-1107296257
1753282815
-1704922881
-838860801
-822149121
-1937637377
-1952413647
-566132594
-568263425
-866058241
2063597567
1231088895
956301382
1761607679
-1142754049
-570425345
-838860801
-1681850625
1744831535
1472266239
1478656073
1778384895
1770127359
1493106687
1774387199
1770126591
2038562815
2046820351
2046820351
2034434145
1778319359
1778253823
1776484351
1778319359
1778384895
1770323967
1789036657
1526726655
1514147987
1520566271
1770130571
1778253823
1493302527
1497531527
1505820671
1509949439
1508114431
1777991679
1772224511
1776353279
1778319359
1761839231
1761671423
1793130495
1784777854
1793130495
1778319359
1761672447
1763769599
1778384895
2030108825
2040725503
2019659927
2029977599
-2000617473
-2011068258
-2013232001
2030043135
2030107903
2046754815
2042691583
1763765503
1778384895
1768289535
2023882751
2030043135
2023817215
2029912063
2015498306
2030043135
2029977599
2032203007
2013396223
2030043135
2015423743
1755381759
2030043135
-1988034561
-1409548289
-1140787969
-1945898753
1747095654
-1948123137
-1660944385
2091057151
1811873791
1768029439
-847249275
-553713665
-842989569
-1966997505
1509949439
1489174527
1761607679
-1979908097
-1404701441
-1960706049
2046754815
1759641599
1747189832
2046361599
2030272595
1759576063
1493106687
1763803233
1772158975
1772158207
2046820351
2038465692
2046820351
2038562815
1763871870
1778319359
1770127359
1778253823
1761802495
1770060031
1520500735
1512240383
1526726655
1509883903
1493401729
1509818367
1497600119
1509949439
1503723519
1763704964
1774387199
1761641577
1776353279
1761641585
1765865727
1778319359
1793261567
1795096575
1793196031
1784871167
1788936191
2046820351
2029977599
2019623094
2029977599
2023817215
-1998454785
-1996488705
-1996488705
2023882751
2019686655
2030043135
2046820351
2038497279
1776418815
1768164436
1778188287
2026045439
2029912063
2028273663
2025979903
2015489279
2030043135
2013600888
2029846527
1727987711
2007039999
2017587455
2038495487
2034434047
-1979711489
2049112319
2063597567
1247937608
1241448447
2080309247
1793130495
1744893183
1761706010
2030043135
-1140850689
-838695774
-1392508929
-1977515981
2044788735
2030107903
2013270039
2025979903
2063466495
1778384895
1774387199
1765864703
2063335423
-1973092353
-1963065345
2013364284
1474494463
1509883903
1763898623
1778384895
1761670399
1761666303
2030075997
1763868768
1778384895
1778384895
1764000858
1778384895
1774321663
1778253823
1507983359
1526726655
1512048806
1509949439
1497497721
1509949439
1493235967
1509949439
1495438447
1770062960
1778319359
1768030325
1778384895
1778384895
1769996380
1768064131
1509883903
1518403583
1512112249
1780483216
1795162111
-1998520321
2013526271
-1996619777
-1998520321
-1998454785
-2008973224
-1996488705
-2013203201
2030043135
2013326591
2019721252
2021720063
1772332106
1778253823
1778319359
1774256127
1761542143
2015630486
2029912063
2029977599
-1996554241
2021887036
2029780991
2028273663
1994457087
1998587953
2046754815
2036463871
2046754815
2042953727
1778384895
1768096894
1526398975
1231224831
1791033343
1763806233
1744830463
-2000617473
1996488718
-1709177837
-1671369473
-1979451137
2029977599
2059534335
-1975320539
-1979711489
2030043135
1753484351
1761542143
1761607679
1763769599
2034300159
2046689279
2030301439
1767963903
1751122035
1503920127
1509949439
1763739723
1763738706
1763809375
1778319359
1778319359
1774387199
1761671423
1778384895
1761735935
1776353279
1774256127
1499526399
1497498755
1505820671
1509949439
1497433226
1509949439
1499661435
1493303436
1509883903
1778384895
1761802495
1795096575
1761607792
1765900418
1778319359
1772156159
1763836041
1503723519
1493172366
1778384895
1763805291
-2011003841
-1996619777
-2000551937
2025979903
2015423743
-2000617473
2028142591
2025951318
2021786661
2029977599
2013329663
2025979903
1778253823
1774452735
1778319359
1776418815
1761646717
2028076287
2029846527
2017787903
2013265919
2030043135
2023948287
2013299768
-2015297537
-2006909697
2032140350
1770029195
1749422185
1761148927
1767936129
1778188287
2036531199
1480591724
2046951423
2046820351
-2002714625
-2027881217
1732383820
-1946222593
2063532031
1744830463
1459878143
1778384895
2049047807
-1979777025
2030043135
1761607679
2046820351
2040729667
1761542143
1744764927
1757609983
1761542143
1778384895
1778384895
1509949439
1476458751
1476395109
1746993234
1761542143
1755512831
1755381759
1761542143
1765933055
1778319359
1770061823
1774263442
1770127359
1509949439
1509687295
1493237898
1503724670
1503789055
1509949439
1509949439
1509818367
1507917823
1765835906
1778384895
1778444543
1765995775
1776353279
1772158975
1767902296
1778384895
1763833087
1501560985
1778319359
1772224511
-1990135553
2042757119
1767999545
1493174403
1767964671
2032401663
2028142591
2029912063
1778384895
1776418815
1774256127
1778384895
1772290047
1778319359
1761736959
1774321663
1763836034
2030043135
2030043135
2013332514
1996588074
2030043135
2028077055
2046820351
-2010972929
-1996619777
2017521919
1776415999
1778384895
1761998079
1778319359
1778384895
1772289279
1772158719
2046689279
2028273663
2030043135
2015492351
2030043135
2042757119
1763900671
1757478911
2030043135
1755512831
2029846527
2028077055
2025979903
2030043135
2040891438
2046689279
2030043135
2015492351
1745129524
1761607679
1484817509
1482883071
1482816767
1491140607
1476459775
1746995326
1761542143
1753415679
1761542143
1776418815
1778384895
1761737983
1772290047
1778319359
1761772682
1772290047
1778384895
1772158975
1514205439
1526661119
1522794495
1524695039
1791098879
1795162111
1786806404
1795162111
1763807321
1778384895
1778319359
1774321663
1761607797
1776353279
1765835892
1778384895
1761931519
1778384895
2032206858
1778319359
1772192799
1499593983
1770127359
1778253823
2042756351
1753546751
1776353279
1778449663
1778450566
1770095773
1778384895
1776353279
1767932054
1767998653
1772224511
2046820351
2029977599
2019853343
2029846527
2015425791
2040659967
2046820351
2028142591
2023858336
2046820351
1778319359
1770061823
2046754815
2036530431
2046820351
1776353279
1761865983
2025914367
2013298726
2028077055
2030043135
2028077055
2046820351
2046754815
2013265951
2023817215
2030043135
2023948287
2019685631
2030043135
2028011519
2019557454
2030043135
2023948287
2029912063
1744897382
1749221375
1509949439
1503847679
1493106687
1476525311
1478591609
1493106687
1778384895
1776484351
1761642634
1763804278
1765998591
1778384895
1772158975
1776418815
1778319359
1778384895
1767964773
1497400439
1509949439
1497431295
1509883903
1493299455
1763737732
1778384895
1765902420
1778384895
1776549887
1778384895
1772158975
1778319359
1778384895
1761671423
1765866751
1761641637
1778384895
1778384895
-2000617473
1774256127
1778253823
1766064127
1772288255
2042757119
2046754815
1778253823
1761676441
1778384895
1763737734
1778384895
1761803519
1778384895
1761640567
1778319359
1761640610
1778253823
2013593599
2029977599
2029977599
2023818330
1763804294
1761804287
2029912063
2040590591
2046820351
1761670655
1772224511
2046623743
2028011519
2023882751
2030043135
2019621119
2025979903
2019558428
2030043135
2015363104
2030043135
2030142516
2013395199
2013332515
2019559468
2021720063
2029977599
1755321433
1753350143
1746994220
1761411071
1755643903
2030043135
2013465650
2046623743
1768159487
1768226815
1497431295
1212348671
1207962777
1224736767
1484914687
1761673315
1778384895
1770061055
2046820351
1778384895
1770061055
1774192781
1778384895
1765862655
1761607804
1776418815
1509949439
1507983359
1509949439
1505886207
1509883903
1776418815
1772162196
1778319359
1761837168
1778319359
1778384895
1763767551
1774387199
1776353279
1763772549
1795162111
1793130495
1516300543
1789067263
2026110975
2025914367
1778384895
1778253823
2036467003
2046754815
2038497279
1768030207
1776420021
1778384895
1776353279
1763737716
1778384895
1793196031
1782580377
1791033343
1778319359
1768030207
2017654015
2029977599
2026110719
2030043135
1778384895
1776353279
1761608866
1761641615
1763770367
1772224511
2030043135
2015690792
2029846527
2029977599
2028011519
2015363105
2030043135
2017460289
2025914367
2030043135
2025979903
2030044200
-1996488705
2030043135
2013429792
2015364128
2028142591
1761607679
1755480153
1761476607
1747187967
1761607679
1761607679
2036463871
2038693887
2046820351
1763830015
1770191103
1224736767
1224736767
1220607999
1489043455
1778319359
1761706367
2055274495
2063532031
1776353279
1765933169
1763772534
1778319359
1764034647
1761641566
1778319359
1493302527
1497496831
1509949439
1505820671
1493303408
1778319359
1763770460
1778384895
1765965954
1778188287
1776549887
1778319359
1763835135
1774256127
1782613122
1795162111
1514206463
1520500735
1526726655
2026108159
2029912063
1747058687
1749257241
2029977599
2046754815
2032337019
1778384895
1778319359
1776680959
1778253823
1778384895
1778386058
1795162111
1526726655
1522794495
1763771532
1776353279
2046754815
2029977599
2017494229
2036400127
1776353279
1778384895
1763831039
1766004870
1774256127
2029715455
2028142591
2030043135
2030043135
2029977599
2011299839
2013265942
2017590527
2029912063
2015492351
2030043135
-1996488705
-2002714625
-1998454785
-1998485461
2029977599
2015492351
1761607679
1755443455
1761542143
1753350143
1761542143
1761542143
1761607679
2042888191
2046754815
2042822655
1767935044
1778253823
1222901759
1224736767
1214513151
1509949439
1761608783
1770030192
2063597567
2061631487
1770062945
1778384895
1778384895
1763766527
1765802110
1763769599
1761642613
1778319359
1507917823
1507917823
1497368685
1509949439
1763769599
1776353279
1761739921
1778188287
1774452735
1778384895
1763774626
1765870750
1784741887
1782643967
1509983361
1526726655
1520566271
1512079520
2040530045
2034434047
1749064840
1761476607
2019594340
2046754815
2046754815
1770253567
1761902726
1778057215
1772355583
1778384895
1791033343
1514210462
1524695039
1526726655
1524695039
1765868684
2046623743
2013462682
2017524991
2046820351
1761672447
1791033343
1782614170
1778319359
1778384895
2013528063
2021656610
2013298753
2021785599
2030043135
2030043135
2015461406
2030043135
2021720063
2028077055
2030043135
2028011519
-2013164502
-2009032613
2029846527
2017756205
2030043135
1751316735
1761542143
1753284607
1746991359
1759641599
1761607679
1774321663
2046820351
2030174303
2046754815
1778384895
1761668351
1493106687
1478559807
1480652031
1503723519
1774256236
1778253823
1772290047
1778384895
1763765503
1778384895
1774387199
1765869677
1765866751
1778319359
1763834111
1774321663
1493207149
1509883903
1505886207
1508048895
1778384895
1778384895
1768095937
1778253823
1774256127
1778384895
1774387199
1795031039
1786904575
1512080512
1512111359
1524695039
1514210437
1526726655
2046820351
2040659967
1761607679
1746994298
2029912063
2017591295
2019594334
1778319359
1778384895
1763963135
1778253823
1774321663
1778449663
1509984401
1524695039
1512048780
1524695039
1778384895
2032336895
2030043135
2017588479
2034302975
1761675438
1510049935
1761672447
1761801471
2034302975
2013402197
2029977599
2015431777
2028011519
2021922861
2015438951
2029912063
1765902444
1761677379
1778319359
2032205823
2017526817
2030043135
2015553791
2025914367
2029977599
2013525247
2029977599
1761607679
1746991359
1765900398
1778384895
1776418815
1765966894
2046820351
2046820351
1770323967
1778319359
1778319359
1776418815
1778384895
1761671423
1761736959
1770062978
1768095743
1778384895
1776484351
1778384895
1763774570
1778253823
1765998685
1763739773
1770061823
1778384895
1761736959
1509949439
1503854591
1509883903
1499525375
1765931263
1772158975
1778253823
1770253567
1778384895
1776353279
1795162111
1778515199
1522597887
1514143900
1509950609
1524695039
1526726655
1522663423
2034302207
2030109861
1755381759
2030043135
2023817215
2013271167
2013336749
1778253823
1778319359
1770061823
1761674375
1768066184
1795162111
1526726655
1509951622
1510079743
1526726655
1768030355
2044854271
2046689279
2036399359
2038497279
1778384895
1526726655
1763766527
1767937187
2028142591
2023788722
2029977599
2029912063
2034469001
1778188287
2044854271
2044985343
1778319359
1772158975
1772224511
2038497279
2019622143
2023817215
2015557887
2013339691
2029977599
2013330687
2019751167
1746995263
1761607679
1778319359
1778384895
1763835903
1778122751
2044919807
1761869055
1778319359
1776418815
1761706060
1763738677
1761711172
1776353279
1763738709
1778188287
1767959807
1763889407
1778319359
1776615423
1778188287
1761804401
1778188287
1767962879
1763899647
1776353279
1501596800
1508048895
1509949439
1503789055
1509818367
1499563128
1776418815
1778253823
1776549887
1768022271
1772290047
1795096575
1778417802
1520500735
1514178702
1526726655
1510013183
1526726655
1514242195
2046754815
2030043135
2028208127
2029912063
2029977599
2038559999
2030109874
1761644684
2046820351
2046820351
1772290047
1778384895
1793196031
1524695039
1512046736
1526726655
1526726655
1761674410
2046754815
2042691327
2043017471
2046689279
1761608828
1774321663
1778384895
1774321839
2029977599
2017589503
2026045183
1761607679
1774321663
1772224511
1763833087
1763740006
2046820351
2034436239
2030107903
2040725503
2046820351
1763870773
2046623743
2025914367
2028011519
2028077055
2015427839
1761607679
1476525311
1491206143
1226934390
1237385215
1493172223
1753350143
1761607679
1761671423
2044985343
2046820351
1776353279
1776353279
1778384895
1776418815
2046820351
1774387199
1778188287
1763897599
1761802495
1778319359
1776484351
1778384895
1761737983
1765836908
1778384895
1749155071
1489108991
1493173378
1507983359
1235288063
1228995839
1233125524
1503854591
1795096575
1772158975
1778384895
1761904801
1778253823
1524695039
1512176895
1526726655
1507983359
1507917823
1503658145
2034335877
2021720063
2029977599
2026045439
2025979903
2042660987
2032205055
2061565951
2046689279
2042888191
1778057215
1772617727
1795162111
1524695039
1512079503
1509949572
1526726655
1778384895
2036462847
2040856575
2029649919
2038693887
1763809428
1778319359
1778319359
1778384895
2023948287
2029977599
2026045439
2015429675
1778384895
1772158975
1757449266
1778253823
2034496767
2046754815
2032264447
2044985343
2046754815
1765931263
2044854271
2025914367
2030043135
2017493041
2030043135
1753348351
1493172223
1493172223
1231089919
1507983359
1486946303
1744897099
1761607679
1761671423
2036335688
2046820351
1493272663
1761608789
1763738701
1778384895
2032176246
2046754815
1768195175
1778319359
1778384895
1763770511
1778319359
1774452735
1765804145
1763704970
1761641589
1761607679
1478556927
1493236991
1497464961
1233190911
1226836063
1224736767
1495333119
1793196031
1780482171
1768095743
1778253823
1765863679
1505820671
1509949439
1493172346
1501627555
1778384895
1778384895
